c:\users\admin\documents\coding\progresstracker\progresstracker\x64\debug\vc143.pdb
c:\users\admin\documents\coding\progresstracker\progresstracker\x64\debug\vc143.idb
c:\users\admin\documents\coding\progresstracker\progresstracker\x64\debug\calculate.nativecodeanalysis.sarif
c:\users\admin\documents\coding\progresstracker\progresstracker\x64\debug\calculate.nativecodeanalysis.xml
c:\users\admin\documents\coding\progresstracker\progresstracker\x64\debug\chapters.nativecodeanalysis.sarif
c:\users\admin\documents\coding\progresstracker\progresstracker\x64\debug\chapters.nativecodeanalysis.xml
c:\users\admin\documents\coding\progresstracker\progresstracker\x64\debug\main.nativecodeanalysis.sarif
c:\users\admin\documents\coding\progresstracker\progresstracker\x64\debug\main.nativecodeanalysis.xml
c:\users\admin\documents\coding\progresstracker\progresstracker\x64\debug\title.nativecodeanalysis.sarif
c:\users\admin\documents\coding\progresstracker\progresstracker\x64\debug\title.nativecodeanalysis.xml
c:\users\admin\documents\coding\progresstracker\progresstracker\x64\debug\title.obj
c:\users\admin\documents\coding\progresstracker\progresstracker\x64\debug\main.obj
c:\users\admin\documents\coding\progresstracker\progresstracker\x64\debug\chapters.obj
c:\users\admin\documents\coding\progresstracker\progresstracker\x64\debug\calculate.obj
c:\users\admin\documents\coding\progresstracker\x64\debug\progresstracker.exe
c:\users\admin\documents\coding\progresstracker\x64\debug\progresstracker.pdb
c:\users\admin\documents\coding\progresstracker\progresstracker\x64\debug\progresstracker.ilk
c:\users\admin\documents\coding\progresstracker\progresstracker\x64\debug\vc.nativecodeanalysis.all.xml
c:\users\admin\documents\coding\progresstracker\progresstracker\x64\debug\progresstracker.tlog\cl.command.1.tlog
c:\users\admin\documents\coding\progresstracker\progresstracker\x64\debug\progresstracker.tlog\cl.items.tlog
c:\users\admin\documents\coding\progresstracker\progresstracker\x64\debug\progresstracker.tlog\cl.read.1.tlog
c:\users\admin\documents\coding\progresstracker\progresstracker\x64\debug\progresstracker.tlog\cl.write.1.tlog
c:\users\admin\documents\coding\progresstracker\progresstracker\x64\debug\progresstracker.tlog\link.command.1.tlog
c:\users\admin\documents\coding\progresstracker\progresstracker\x64\debug\progresstracker.tlog\link.read.1.tlog
c:\users\admin\documents\coding\progresstracker\progresstracker\x64\debug\progresstracker.tlog\link.secondary.1.tlog
c:\users\admin\documents\coding\progresstracker\progresstracker\x64\debug\progresstracker.tlog\link.write.1.tlog
